[$R$ : 2 : 0]
[$S$. : 2 : 0]
[$\dist{r,s}$ : 2 : 0]
[$k$ : 12 : 0]
[$k$, : 6 : 0]
[$r : 2 : 0]
[$s : 2 : 0]
[(\ie, : 4 : 0]
[< : 2 : 0]
[A : 6 : 0]
[AFTER : 2 : 0]
[BY : 2 : 0]
[Cartesian : 2 : 0]
[FROM : 2 : 0]
[For : 4 : 0]
[Hotel : 2 : 0]
[If : 2 : 0]
[In : 6 : 0]
[It : 2 : 0]
[ORDER : 2 : 0]
[On : 2 : 0]
[R$ : 2 : 0]
[Restaurant : 2 : 0]
[S$, : 2 : 0]
[S) : 2 : 0]
[SELECT : 2 : 0]
[STOP : 2 : 0]
[Since : 2 : 0]
[Specifically, : 2 : 0]
[Then, : 2 : 0]
[This : 4 : 0]
[\Join : 2 : 0]
[\[ : 2 : 0]
[\] : 2 : 0]
[\begin{quote}\begin{verbatim} : 2 : 0]
[\dmax{} : 10 : 0]
[\end{verbatim}\end{quote} : 2 : 0]
[\in : 4 : 0]
[\mathcal{D}_{max}}(R : 2 : 0]
[\sigma_{dist(r,s) : 2 : 0]
[``It : 2 : 0]
[``best'' : 2 : 0]
[a : 54 : 0]
[according : 2 : 0]
[accurate : 2 : 0]
[after : 2 : 0]
[algorithm : 2 : 0]
[all : 2 : 0]
[allow : 2 : 0]
[almost : 2 : 0]
[already'' : 2 : 0]
[an : 6 : 0]
[and : 22 : 0]
[and, : 2 : 0]
[answers, : 2 : 0]
[answers. : 2 : 0]
[any : 2 : 0]
[application : 2 : 0]
[applications, : 2 : 0]
[argued : 2 : 0]
[as : 4 : 0]
[associate : 2 : 0]
[at : 2 : 0]
[attribute : 2 : 0]
[attributes, : 2 : 0]
[be : 18 : 0]
[been : 2 : 0]
[best : 6 : 0]
[between : 6 : 0]
[but : 2 : 0]
[by : 10 : 0]
[can : 18 : 0]
[candidate : 4 : 0]
[cardinality : 10 : 0]
[cause : 2 : 0]
[combined : 2 : 0]
[common : 2 : 0]
[consider : 2 : 0]
[contain : 2 : 0]
[cutoff : 4 : 0]
[data : 4 : 0]
[database : 4 : 0]
[databases : 2 : 0]
[decision : 2 : 0]
[decreasing : 2 : 0]
[defined : 4 : 0]
[delay : 2 : 0]
[delivering : 2 : 0]
[determined : 2 : 0]
[different : 2 : 0]
[distance : 20 : 0]
[distance(h.location, : 2 : 0]
[distances : 2 : 0]
[effectively : 2 : 0]
[enough : 4 : 0]
[entire : 2 : 0]
[environments, : 2 : 0]
[estimate : 2 : 0]
[estimating : 2 : 0]
[example, : 4 : 0]
[feature : 2 : 0]
[find : 2 : 0]
[finds : 2 : 0]
[focus : 2 : 0]
[followed : 2 : 0]
[follows: : 2 : 0]
[for : 10 : 0]
[formulated : 2 : 0]
[fraction : 2 : 0]
[from : 2 : 0]
[function : 2 : 0]
[given : 4 : 0]
[h, : 2 : 0]
[h.name, : 2 : 0]
[hand, : 2 : 0]
[has : 2 : 0]
[hotels : 4 : 0]
[however, : 2 : 0]
[if : 4 : 0]
[image : 2 : 0]
[impossible : 2 : 0]
[in : 12 : 0]
[incrementally : 2 : 0]
[instead : 4 : 0]
[interact : 2 : 0]
[intermediate : 4 : 0]
[internet : 2 : 0]
[intersect} : 2 : 0]
[introduced : 2 : 0]
[is : 20 : 0]
[it : 6 : 0]
[join : 16 : 0]
[k; : 2 : 0]
[knowledge, : 2 : 0]
[literature. : 2 : 0]
[long : 2 : 0]
[many : 4 : 0]
[matches : 2 : 0]
[may : 6 : 0]
[measure : 2 : 0]
[method : 2 : 0]
[metrics : 2 : 0]
[more : 6 : 0]
[multimedia : 2 : 0]
[nearest : 6 : 0]
[new : 2 : 0]
[no : 2 : 0]
[objects : 4 : 0]
[objects. : 4 : 0]
[obtaining : 2 : 0]
[of : 32 : 0]
[often : 2 : 0]
[on : 4 : 0]
[on-line : 2 : 0]
[one : 2 : 0]
[only : 4 : 0]
[operation : 8 : 0]
[operation. : 2 : 0]
[operations : 2 : 0]
[opportunity : 2 : 0]
[optimization : 2 : 0]
[or : 4 : 0]
[order : 2 : 0]
[other : 4 : 0]
[our : 2 : 0]
[overestimated, : 2 : 0]
[pairs : 6 : 0]
[pairs) : 2 : 0]
[pairs, : 4 : 0]
[pairs. : 2 : 0]
[performed : 2 : 0]
[pose : 2 : 0]
[practice, : 2 : 0]
[precisely : 2 : 0]
[predicate : 4 : 0]
[predicted : 2 : 0]
[processed : 2 : 0]
[processing : 2 : 0]
[processing. : 2 : 0]
[produce : 2 : 0]
[product : 2 : 0]
[provides : 2 : 0]
[query : 8 : 0]
[query, : 2 : 0]
[quickly. : 2 : 0]
[quite : 2 : 0]
[r : 2 : 0]
[r.location) : 2 : 0]
[r.name : 2 : 0]
[ranking : 4 : 0]
[recently : 2 : 0]
[reduced : 4 : 0]
[relatively : 2 : 0]
[reported : 2 : 0]
[reports : 2 : 0]
[requirement : 4 : 0]
[requirements. : 2 : 0]
[resources : 2 : 0]
[restaurants). : 2 : 0]
[restaurants: : 2 : 0]
[results : 10 : 0]
[retrieves : 2 : 0]
[say : 2 : 0]
[search : 2 : 0]
[set : 2 : 0]
[sets : 4 : 0]
[significantly : 2 : 0]
[similarity : 2 : 0]
[small : 2 : 0]
[sort : 6 : 0]
[sorting : 4 : 0]
[space. : 2 : 0]
[spatial : 26 : 0]
[specific : 2 : 0]
[stage : 2 : 0]
[stopping : 10 : 0]
[subsequent : 2 : 0]
[such : 4 : 0]
[support : 2 : 0]
[system : 2 : 0]
[systems : 2 : 0]
[terms : 2 : 0]
[that : 8 : 0]
[the : 44 : 0]
[them. : 2 : 0]
[then : 4 : 0]
[thereby : 2 : 0]
[time : 4 : 0]
[to : 24 : 0]
[too : 2 : 0]
[top : 2 : 0]
[two : 6 : 0]
[type : 2 : 0]
[use : 2 : 0]
[used : 2 : 0]
[users : 6 : 0]
[usually : 2 : 0]
[value : 10 : 0]
[values : 2 : 0]
[various : 2 : 0]
[was : 2 : 0]
[waste : 2 : 0]
[ways : 2 : 0]
[we : 2 : 0]
[well-matchedness. : 2 : 0]
[where : 2 : 0]
[which : 2 : 0]
[will : 2 : 0]
[with : 8 : 0]
[within} : 2 : 0]
[{\tt : 4 : 0]
CPU time to build a(n) BST: 43 millisec
[$R$ : 2 : 0]
[$S$. : 2 : 0]
[$\dist{r,s}$ : 2 : 0]
[$k$ : 12 : 0]
[$k$, : 6 : 0]
[$r : 2 : 0]
[$s : 2 : 0]
[(\ie, : 4 : 0]
[< : 2 : 0]
[A : 6 : 0]
[AFTER : 2 : 0]
[BY : 2 : 0]
[Cartesian : 2 : 0]
[FROM : 2 : 0]
[For : 4 : 0]
[Hotel : 2 : 0]
[If : 2 : 0]
[In : 6 : 0]
[It : 2 : 0]
[ORDER : 2 : 0]
[On : 2 : 0]
[R$ : 2 : 0]
[Restaurant : 2 : 0]
[S$, : 2 : 0]
[S) : 2 : 0]
[SELECT : 2 : 0]
[STOP : 2 : 0]
[Since : 2 : 0]
[Specifically, : 2 : 0]
[Then, : 2 : 0]
[This : 4 : 0]
[\Join : 2 : 0]
[\[ : 2 : 0]
[\] : 2 : 0]
[\begin{quote}\begin{verbatim} : 2 : 0]
[\dmax{} : 10 : 0]
[\end{verbatim}\end{quote} : 2 : 0]
[\in : 4 : 0]
[\mathcal{D}_{max}}(R : 2 : 0]
[\sigma_{dist(r,s) : 2 : 0]
[``It : 2 : 0]
[``best'' : 2 : 0]
[a : 54 : 0]
[according : 2 : 0]
[accurate : 2 : 0]
[after : 2 : 0]
[algorithm : 2 : 0]
[all : 2 : 0]
[allow : 2 : 0]
[almost : 2 : 0]
[already'' : 2 : 0]
[an : 6 : 0]
[and : 22 : 0]
[and, : 2 : 0]
[answers, : 2 : 0]
[answers. : 2 : 0]
[any : 2 : 0]
[application : 2 : 0]
[applications, : 2 : 0]
[argued : 2 : 0]
[as : 4 : 0]
[associate : 2 : 0]
[at : 2 : 0]
[attribute : 2 : 0]
[attributes, : 2 : 0]
[be : 18 : 0]
[been : 2 : 0]
[best : 6 : 0]
[between : 6 : 0]
[but : 2 : 0]
[by : 10 : 0]
[can : 18 : 0]
[candidate : 4 : 0]
[cardinality : 10 : 0]
[cause : 2 : 0]
[combined : 2 : 0]
[common : 2 : 0]
[consider : 2 : 0]
[contain : 2 : 0]
[cutoff : 4 : 0]
[data : 4 : 0]
[database : 4 : 0]
[databases : 2 : 0]
[decision : 2 : 0]
[decreasing : 2 : 0]
[defined : 4 : 0]
[delay : 2 : 0]
[delivering : 2 : 0]
[determined : 2 : 0]
[different : 2 : 0]
[distance : 20 : 0]
[distance(h.location, : 2 : 0]
[distances : 2 : 0]
[effectively : 2 : 0]
[enough : 4 : 0]
[entire : 2 : 0]
[environments, : 2 : 0]
[estimate : 2 : 0]
[estimating : 2 : 0]
[example, : 4 : 0]
[feature : 2 : 0]
[find : 2 : 0]
[finds : 2 : 0]
[focus : 2 : 0]
[followed : 2 : 0]
[follows: : 2 : 0]
[for : 10 : 0]
[formulated : 2 : 0]
[fraction : 2 : 0]
[from : 2 : 0]
[function : 2 : 0]
[given : 4 : 0]
[h, : 2 : 0]
[h.name, : 2 : 0]
[hand, : 2 : 0]
[has : 2 : 0]
[hotels : 4 : 0]
[however, : 2 : 0]
[if : 4 : 0]
[image : 2 : 0]
[impossible : 2 : 0]
[in : 12 : 0]
[incrementally : 2 : 0]
[instead : 4 : 0]
[interact : 2 : 0]
[intermediate : 4 : 0]
[internet : 2 : 0]
[intersect} : 2 : 0]
[introduced : 2 : 0]
[is : 20 : 0]
[it : 6 : 0]
[join : 16 : 0]
[k; : 2 : 0]
[knowledge, : 2 : 0]
[literature. : 2 : 0]
[long : 2 : 0]
[many : 4 : 0]
[matches : 2 : 0]
[may : 6 : 0]
[measure : 2 : 0]
[method : 2 : 0]
[metrics : 2 : 0]
[more : 6 : 0]
[multimedia : 2 : 0]
[nearest : 6 : 0]
[new : 2 : 0]
[no : 2 : 0]
[objects : 4 : 0]
[objects. : 4 : 0]
[obtaining : 2 : 0]
[of : 32 : 0]
[often : 2 : 0]
[on : 4 : 0]
[on-line : 2 : 0]
[one : 2 : 0]
[only : 4 : 0]
[operation : 8 : 0]
[operation. : 2 : 0]
[operations : 2 : 0]
[opportunity : 2 : 0]
[optimization : 2 : 0]
[or : 4 : 0]
[order : 2 : 0]
[other : 4 : 0]
[our : 2 : 0]
[overestimated, : 2 : 0]
[pairs : 6 : 0]
[pairs) : 2 : 0]
[pairs, : 4 : 0]
[pairs. : 2 : 0]
[performed : 2 : 0]
[pose : 2 : 0]
[practice, : 2 : 0]
[precisely : 2 : 0]
[predicate : 4 : 0]
[predicted : 2 : 0]
[processed : 2 : 0]
[processing : 2 : 0]
[processing. : 2 : 0]
[produce : 2 : 0]
[product : 2 : 0]
[provides : 2 : 0]
[query : 8 : 0]
[query, : 2 : 0]
[quickly. : 2 : 0]
[quite : 2 : 0]
[r : 2 : 0]
[r.location) : 2 : 0]
[r.name : 2 : 0]
[ranking : 4 : 0]
[recently : 2 : 0]
[reduced : 4 : 0]
[relatively : 2 : 0]
[reported : 2 : 0]
[reports : 2 : 0]
[requirement : 4 : 0]
[requirements. : 2 : 0]
[resources : 2 : 0]
[restaurants). : 2 : 0]
[restaurants: : 2 : 0]
[results : 10 : 0]
[retrieves : 2 : 0]
[say : 2 : 0]
[search : 2 : 0]
[set : 2 : 0]
[sets : 4 : 0]
[significantly : 2 : 0]
[similarity : 2 : 0]
[small : 2 : 0]
[sort : 6 : 0]
[sorting : 4 : 0]
[space. : 2 : 0]
[spatial : 26 : 0]
[specific : 2 : 0]
[stage : 2 : 0]
[stopping : 10 : 0]
[subsequent : 2 : 0]
[such : 4 : 0]
[support : 2 : 0]
[system : 2 : 0]
[systems : 2 : 0]
[terms : 2 : 0]
[that : 8 : 0]
[the : 44 : 0]
[them. : 2 : 0]
[then : 4 : 0]
[thereby : 2 : 0]
[time : 4 : 0]
[to : 24 : 0]
[too : 2 : 0]
[top : 2 : 0]
[two : 6 : 0]
[type : 2 : 0]
[use : 2 : 0]
[used : 2 : 0]
[users : 6 : 0]
[usually : 2 : 0]
[value : 10 : 0]
[values : 2 : 0]
[various : 2 : 0]
[was : 2 : 0]
[waste : 2 : 0]
[ways : 2 : 0]
[we : 2 : 0]
[well-matchedness. : 2 : 0]
[where : 2 : 0]
[which : 2 : 0]
[will : 2 : 0]
[with : 8 : 0]
[within} : 2 : 0]
[{\tt : 4 : 0]
CPU time to build a(n) BST: 5 millisec
[$R$ : 2 : 0]
[$S$. : 2 : 0]
[$\dist{r,s}$ : 2 : 0]
[$k$ : 12 : 0]
[$k$, : 6 : 0]
[$r : 2 : 0]
[$s : 2 : 0]
[(\ie, : 4 : 0]
[< : 2 : 0]
[A : 6 : 0]
[AFTER : 2 : 0]
[BY : 2 : 0]
[Cartesian : 2 : 0]
[FROM : 2 : 0]
[For : 4 : 0]
[Hotel : 2 : 0]
[If : 2 : 0]
[In : 6 : 0]
[It : 2 : 0]
[ORDER : 2 : 0]
[On : 2 : 0]
[R$ : 2 : 0]
[Restaurant : 2 : 0]
[S$, : 2 : 0]
[S) : 2 : 0]
[SELECT : 2 : 0]
[STOP : 2 : 0]
[Since : 2 : 0]
[Specifically, : 2 : 0]
[Then, : 2 : 0]
[This : 4 : 0]
[\Join : 2 : 0]
[\[ : 2 : 0]
[\] : 2 : 0]
[\begin{quote}\begin{verbatim} : 2 : 0]
[\dmax{} : 10 : 0]
[\end{verbatim}\end{quote} : 2 : 0]
[\in : 4 : 0]
[\mathcal{D}_{max}}(R : 2 : 0]
[\sigma_{dist(r,s) : 2 : 0]
[``It : 2 : 0]
[``best'' : 2 : 0]
[a : 54 : 0]
[according : 2 : 0]
[accurate : 2 : 0]
[after : 2 : 0]
[algorithm : 2 : 0]
[all : 2 : 0]
[allow : 2 : 0]
[almost : 2 : 0]
[already'' : 2 : 0]
[an : 6 : 0]
[and : 22 : 0]
[and, : 2 : 0]
[answers, : 2 : 0]
[answers. : 2 : 0]
[any : 2 : 0]
[application : 2 : 0]
[applications, : 2 : 0]
[argued : 2 : 0]
[as : 4 : 0]
[associate : 2 : 0]
[at : 2 : 0]
[attribute : 2 : 0]
[attributes, : 2 : 0]
[be : 18 : 0]
[been : 2 : 0]
[best : 6 : 0]
[between : 6 : 0]
[but : 2 : 0]
[by : 10 : 0]
[can : 18 : 0]
[candidate : 4 : 0]
[cardinality : 10 : 0]
[cause : 2 : 0]
[combined : 2 : 0]
[common : 2 : 0]
[consider : 2 : 0]
[contain : 2 : 0]
[cutoff : 4 : 0]
[data : 4 : 0]
[database : 4 : 0]
[databases : 2 : 0]
[decision : 2 : 0]
[decreasing : 2 : 0]
[defined : 4 : 0]
[delay : 2 : 0]
[delivering : 2 : 0]
[determined : 2 : 0]
[different : 2 : 0]
[distance : 20 : 0]
[distance(h.location, : 2 : 0]
[distances : 2 : 0]
[effectively : 2 : 0]
[enough : 4 : 0]
[entire : 2 : 0]
[environments, : 2 : 0]
[estimate : 2 : 0]
[estimating : 2 : 0]
[example, : 4 : 0]
[feature : 2 : 0]
[find : 2 : 0]
[finds : 2 : 0]
[focus : 2 : 0]
[followed : 2 : 0]
[follows: : 2 : 0]
[for : 10 : 0]
[formulated : 2 : 0]
[fraction : 2 : 0]
[from : 2 : 0]
[function : 2 : 0]
[given : 4 : 0]
[h, : 2 : 0]
[h.name, : 2 : 0]
[hand, : 2 : 0]
[has : 2 : 0]
[hotels : 4 : 0]
[however, : 2 : 0]
[if : 4 : 0]
[image : 2 : 0]
[impossible : 2 : 0]
[in : 12 : 0]
[incrementally : 2 : 0]
[instead : 4 : 0]
[interact : 2 : 0]
[intermediate : 4 : 0]
[internet : 2 : 0]
[intersect} : 2 : 0]
[introduced : 2 : 0]
[is : 20 : 0]
[it : 6 : 0]
[join : 16 : 0]
[k; : 2 : 0]
[knowledge, : 2 : 0]
[literature. : 2 : 0]
[long : 2 : 0]
[many : 4 : 0]
[matches : 2 : 0]
[may : 6 : 0]
[measure : 2 : 0]
[method : 2 : 0]
[metrics : 2 : 0]
[more : 6 : 0]
[multimedia : 2 : 0]
[nearest : 6 : 0]
[new : 2 : 0]
[no : 2 : 0]
[objects : 4 : 0]
[objects. : 4 : 0]
[obtaining : 2 : 0]
[of : 32 : 0]
[often : 2 : 0]
[on : 4 : 0]
[on-line : 2 : 0]
[one : 2 : 0]
[only : 4 : 0]
[operation : 8 : 0]
[operation. : 2 : 0]
[operations : 2 : 0]
[opportunity : 2 : 0]
[optimization : 2 : 0]
[or : 4 : 0]
[order : 2 : 0]
[other : 4 : 0]
[our : 2 : 0]
[overestimated, : 2 : 0]
[pairs : 6 : 0]
[pairs) : 2 : 0]
[pairs, : 4 : 0]
[pairs. : 2 : 0]
[performed : 2 : 0]
[pose : 2 : 0]
[practice, : 2 : 0]
[precisely : 2 : 0]
[predicate : 4 : 0]
[predicted : 2 : 0]
[processed : 2 : 0]
[processing : 2 : 0]
[processing. : 2 : 0]
[produce : 2 : 0]
[product : 2 : 0]
[provides : 2 : 0]
[query : 8 : 0]
[query, : 2 : 0]
[quickly. : 2 : 0]
[quite : 2 : 0]
[r : 2 : 0]
[r.location) : 2 : 0]
[r.name : 2 : 0]
[ranking : 4 : 0]
[recently : 2 : 0]
[reduced : 4 : 0]
[relatively : 2 : 0]
[reported : 2 : 0]
[reports : 2 : 0]
[requirement : 4 : 0]
[requirements. : 2 : 0]
[resources : 2 : 0]
[restaurants). : 2 : 0]
[restaurants: : 2 : 0]
[results : 10 : 0]
[retrieves : 2 : 0]
[say : 2 : 0]
[search : 2 : 0]
[set : 2 : 0]
[sets : 4 : 0]
[significantly : 2 : 0]
[similarity : 2 : 0]
[small : 2 : 0]
[sort : 6 : 0]
[sorting : 4 : 0]
[space. : 2 : 0]
[spatial : 26 : 0]
[specific : 2 : 0]
[stage : 2 : 0]
[stopping : 10 : 0]
[subsequent : 2 : 0]
[such : 4 : 0]
[support : 2 : 0]
[system : 2 : 0]
[systems : 2 : 0]
[terms : 2 : 0]
[that : 8 : 0]
[the : 44 : 0]
[them. : 2 : 0]
[then : 4 : 0]
[thereby : 2 : 0]
[time : 4 : 0]
[to : 24 : 0]
[too : 2 : 0]
[top : 2 : 0]
[two : 6 : 0]
[type : 2 : 0]
[use : 2 : 0]
[used : 2 : 0]
[users : 6 : 0]
[usually : 2 : 0]
[value : 10 : 0]
[values : 2 : 0]
[various : 2 : 0]
[was : 2 : 0]
[waste : 2 : 0]
[ways : 2 : 0]
[we : 2 : 0]
[well-matchedness. : 2 : 0]
[where : 2 : 0]
[which : 2 : 0]
[will : 2 : 0]
[with : 8 : 0]
[within} : 2 : 0]
[{\tt : 4 : 0]
CPU time to build a(n) BST: 5 millisec
[$R$ : 2 : 0]
[$S$. : 2 : 0]
[$\dist{r,s}$ : 2 : 0]
[$k$ : 12 : 0]
[$k$, : 6 : 0]
[$r : 2 : 0]
[$s : 2 : 0]
[(\ie, : 4 : 0]
[< : 2 : 0]
[A : 6 : 0]
[AFTER : 2 : 0]
[BY : 2 : 0]
[Cartesian : 2 : 0]
[FROM : 2 : 0]
[For : 4 : 0]
[Hotel : 2 : 0]
[If : 2 : 0]
[In : 6 : 0]
[It : 2 : 0]
[ORDER : 2 : 0]
[On : 2 : 0]
[R$ : 2 : 0]
[Restaurant : 2 : 0]
[S$, : 2 : 0]
[S) : 2 : 0]
[SELECT : 2 : 0]
[STOP : 2 : 0]
[Since : 2 : 0]
[Specifically, : 2 : 0]
[Then, : 2 : 0]
[This : 4 : 0]
[\Join : 2 : 0]
[\[ : 2 : 0]
[\] : 2 : 0]
[\begin{quote}\begin{verbatim} : 2 : 0]
[\dmax{} : 10 : 0]
[\end{verbatim}\end{quote} : 2 : 0]
[\in : 4 : 0]
[\mathcal{D}_{max}}(R : 2 : 0]
[\sigma_{dist(r,s) : 2 : 0]
[``It : 2 : 0]
[``best'' : 2 : 0]
[a : 54 : 0]
[according : 2 : 0]
[accurate : 2 : 0]
[after : 2 : 0]
[algorithm : 2 : 0]
[all : 2 : 0]
[allow : 2 : 0]
[almost : 2 : 0]
[already'' : 2 : 0]
[an : 6 : 0]
[and : 22 : 0]
[and, : 2 : 0]
[answers, : 2 : 0]
[answers. : 2 : 0]
[any : 2 : 0]
[application : 2 : 0]
[applications, : 2 : 0]
[argued : 2 : 0]
[as : 4 : 0]
[associate : 2 : 0]
[at : 2 : 0]
[attribute : 2 : 0]
[attributes, : 2 : 0]
[be : 18 : 0]
[been : 2 : 0]
[best : 6 : 0]
[between : 6 : 0]
[but : 2 : 0]
[by : 10 : 0]
[can : 18 : 0]
[candidate : 4 : 0]
[cardinality : 10 : 0]
[cause : 2 : 0]
[combined : 2 : 0]
[common : 2 : 0]
[consider : 2 : 0]
[contain : 2 : 0]
[cutoff : 4 : 0]
[data : 4 : 0]
[database : 4 : 0]
[databases : 2 : 0]
[decision : 2 : 0]
[decreasing : 2 : 0]
[defined : 4 : 0]
[delay : 2 : 0]
[delivering : 2 : 0]
[determined : 2 : 0]
[different : 2 : 0]
[distance : 20 : 0]
[distance(h.location, : 2 : 0]
[distances : 2 : 0]
[effectively : 2 : 0]
[enough : 4 : 0]
[entire : 2 : 0]
[environments, : 2 : 0]
[estimate : 2 : 0]
[estimating : 2 : 0]
[example, : 4 : 0]
[feature : 2 : 0]
[find : 2 : 0]
[finds : 2 : 0]
[focus : 2 : 0]
[followed : 2 : 0]
[follows: : 2 : 0]
[for : 10 : 0]
[formulated : 2 : 0]
[fraction : 2 : 0]
[from : 2 : 0]
[function : 2 : 0]
[given : 4 : 0]
[h, : 2 : 0]
[h.name, : 2 : 0]
[hand, : 2 : 0]
[has : 2 : 0]
[hotels : 4 : 0]
[however, : 2 : 0]
[if : 4 : 0]
[image : 2 : 0]
[impossible : 2 : 0]
[in : 12 : 0]
[incrementally : 2 : 0]
[instead : 4 : 0]
[interact : 2 : 0]
[intermediate : 4 : 0]
[internet : 2 : 0]
[intersect} : 2 : 0]
[introduced : 2 : 0]
[is : 20 : 0]
[it : 6 : 0]
[join : 16 : 0]
[k; : 2 : 0]
[knowledge, : 2 : 0]
[literature. : 2 : 0]
[long : 2 : 0]
[many : 4 : 0]
[matches : 2 : 0]
[may : 6 : 0]
[measure : 2 : 0]
[method : 2 : 0]
[metrics : 2 : 0]
[more : 6 : 0]
[multimedia : 2 : 0]
[nearest : 6 : 0]
[new : 2 : 0]
[no : 2 : 0]
[objects : 4 : 0]
[objects. : 4 : 0]
[obtaining : 2 : 0]
[of : 32 : 0]
[often : 2 : 0]
[on : 4 : 0]
[on-line : 2 : 0]
[one : 2 : 0]
[only : 4 : 0]
[operation : 8 : 0]
[operation. : 2 : 0]
[operations : 2 : 0]
[opportunity : 2 : 0]
[optimization : 2 : 0]
[or : 4 : 0]
[order : 2 : 0]
[other : 4 : 0]
[our : 2 : 0]
[overestimated, : 2 : 0]
[pairs : 6 : 0]
[pairs) : 2 : 0]
[pairs, : 4 : 0]
[pairs. : 2 : 0]
[performed : 2 : 0]
[pose : 2 : 0]
[practice, : 2 : 0]
[precisely : 2 : 0]
[predicate : 4 : 0]
[predicted : 2 : 0]
[processed : 2 : 0]
[processing : 2 : 0]
[processing. : 2 : 0]
[produce : 2 : 0]
[product : 2 : 0]
[provides : 2 : 0]
[query : 8 : 0]
[query, : 2 : 0]
[quickly. : 2 : 0]
[quite : 2 : 0]
[r : 2 : 0]
[r.location) : 2 : 0]
[r.name : 2 : 0]
[ranking : 4 : 0]
[recently : 2 : 0]
[reduced : 4 : 0]
[relatively : 2 : 0]
[reported : 2 : 0]
[reports : 2 : 0]
[requirement : 4 : 0]
[requirements. : 2 : 0]
[resources : 2 : 0]
[restaurants). : 2 : 0]
[restaurants: : 2 : 0]
[results : 10 : 0]
[retrieves : 2 : 0]
[say : 2 : 0]
[search : 2 : 0]
[set : 2 : 0]
[sets : 4 : 0]
[significantly : 2 : 0]
[similarity : 2 : 0]
[small : 2 : 0]
[sort : 6 : 0]
[sorting : 4 : 0]
[space. : 2 : 0]
[spatial : 26 : 0]
[specific : 2 : 0]
[stage : 2 : 0]
[stopping : 10 : 0]
[subsequent : 2 : 0]
[such : 4 : 0]
[support : 2 : 0]
[system : 2 : 0]
[systems : 2 : 0]
[terms : 2 : 0]
[that : 8 : 0]
[the : 44 : 0]
[them. : 2 : 0]
[then : 4 : 0]
[thereby : 2 : 0]
[time : 4 : 0]
[to : 24 : 0]
[too : 2 : 0]
[top : 2 : 0]
[two : 6 : 0]
[type : 2 : 0]
[use : 2 : 0]
[used : 2 : 0]
[users : 6 : 0]
[usually : 2 : 0]
[value : 10 : 0]
[values : 2 : 0]
[various : 2 : 0]
[was : 2 : 0]
[waste : 2 : 0]
[ways : 2 : 0]
[we : 2 : 0]
[well-matchedness. : 2 : 0]
[where : 2 : 0]
[which : 2 : 0]
[will : 2 : 0]
[with : 8 : 0]
[within} : 2 : 0]
[{\tt : 4 : 0]
CPU time to build a(n) AVL: 6 millisec
Number of words in the BST: 251 (number of insertions: 1000)
Sum of Weighted Path Lengths (BST): 8606
[$R$ : 0 : 4]
[$S$. : 0 : 2]
[$\dist{r,s}$ : 0 : 6]
[$k$ : 0 : 34]
[$k$, : 0 : 10]
[$r : 0 : 4]
[$s : 0 : 2]
[(\ie, : 0 : 16]
[< : 0 : 2]
[A : 0 : 1000]
[AFTER : 0 : 2]
[BY : 0 : 6]
[Cartesian : 0 : 2]
[FROM : 0 : 8]
[For : 0 : 16]
[Hotel : 0 : 4]
[If : 0 : 2]
[In : 0 : 136]
[It : 0 : 2]
[ORDER : 0 : 8]
[On : 0 : 2]
[R$ : 0 : 4]
[Restaurant : 0 : 14]
[S$, : 0 : 2]
[S) : 0 : 4]
[SELECT : 0 : 18]
[STOP : 0 : 2]
[Since : 0 : 24]
[Specifically, : 0 : 4]
[Then, : 0 : 2]
[This : 0 : 60]
[\Join : 0 : 2]
[\[ : 0 : 6]
[\] : 0 : 2]
[\begin{quote}\begin{verbatim} : 0 : 28]
[\dmax{} : 0 : 10]
[\end{verbatim}\end{quote} : 0 : 20]
[\in : 0 : 4]
[\mathcal{D}_{max}}(R : 0 : 6]
[\sigma_{dist(r,s) : 0 : 8]
[``It : 0 : 30]
[``best'' : 0 : 32]
[a : 0 : 114]
[according : 0 : 198]
[accurate : 0 : 2]
[after : 0 : 8]
[algorithm : 0 : 4]
[all : 0 : 2]
[allow : 0 : 20]
[almost : 0 : 2]
[already'' : 0 : 10]
[an : 0 : 6]
[and : 0 : 50]
[and, : 0 : 2]
[answers, : 0 : 4]
[answers. : 0 : 8]
[any : 0 : 2]
[application : 0 : 60]
[applications, : 0 : 8]
[argued : 0 : 2]
[as : 0 : 6]
[associate : 0 : 304]
[at : 0 : 4]
[attribute : 0 : 2]
[attributes, : 0 : 32]
[be : 0 : 26]
[been : 0 : 2]
[best : 0 : 8]
[between : 0 : 40]
[but : 0 : 2]
[by : 0 : 96]
[can : 0 : 46]
[candidate : 0 : 4]
[cardinality : 0 : 16]
[cause : 0 : 2]
[combined : 0 : 18]
[common : 0 : 28]
[consider : 0 : 8]
[contain : 0 : 2]
[cutoff : 0 : 6]
[data : 0 : 104]
[database : 0 : 4]
[databases : 0 : 322]
[decision : 0 : 4]
[decreasing : 0 : 2]
[defined : 0 : 16]
[delay : 0 : 2]
[delivering : 0 : 6]
[determined : 0 : 2]
[different : 0 : 8]
[distance : 0 : 750]
[distance(h.location, : 0 : 2]
[distances : 0 : 106]
[effectively : 0 : 8]
[enough : 0 : 6]
[entire : 0 : 2]
[environments, : 0 : 14]
[estimate : 0 : 4]
[estimating : 0 : 2]
[example, : 0 : 30]
[feature : 0 : 12]
[find : 0 : 2]
[finds : 0 : 10]
[focus : 0 : 6]
[followed : 0 : 2]
[follows: : 0 : 4]
[for : 0 : 70]
[formulated : 0 : 2]
[fraction : 0 : 6]
[from : 0 : 2]
[function : 0 : 30]
[given : 0 : 4]
[h, : 0 : 6]
[h.name, : 0 : 12]
[hand, : 0 : 2]
[has : 0 : 4]
[hotels : 0 : 22]
[however, : 0 : 2]
[if : 0 : 6]
[image : 0 : 74]
[impossible : 0 : 2]
[in : 0 : 102]
[incrementally : 0 : 12]
[instead : 0 : 4]
[interact : 0 : 10]
[intermediate : 0 : 4]
[internet : 0 : 16]
[intersect} : 0 : 2]
[introduced : 0 : 134]
[is : 0 : 26]
[it : 0 : 6]
[join : 0 : 408]
[k; : 0 : 8]
[knowledge, : 0 : 6]
[literature. : 0 : 4]
[long : 0 : 2]
[many : 0 : 26]
[matches : 0 : 8]
[may : 0 : 6]
[measure : 0 : 12]
[method : 0 : 2]
[metrics : 0 : 14]
[more : 0 : 94]
[multimedia : 0 : 22]
[nearest : 0 : 6]
[new : 0 : 10]
[no : 0 : 2]
[objects : 0 : 20]
[objects. : 0 : 4]
[obtaining : 0 : 6]
[of : 0 : 62]
[often : 0 : 2]
[on : 0 : 6]
[on-line : 0 : 8]
[one : 0 : 100]
[only : 0 : 4]
[operation : 0 : 258]
[operation. : 0 : 2]
[operations : 0 : 8]
[opportunity : 0 : 4]
[optimization : 0 : 2]
[or : 0 : 86]
[order : 0 : 2]
[other : 0 : 74]
[our : 0 : 4]
[overestimated, : 0 : 2]
[pairs : 0 : 20]
[pairs) : 0 : 10]
[pairs, : 0 : 8]
[pairs. : 0 : 2]
[performed : 0 : 4]
[pose : 0 : 56]
[practice, : 0 : 2]
[precisely : 0 : 8]
[predicate : 0 : 4]
[predicted : 0 : 10]
[processed : 0 : 12]
[processing : 0 : 14]
[processing. : 0 : 20]
[produce : 0 : 4]
[product : 0 : 2]
[provides : 0 : 22]
[query : 0 : 34]
[query, : 0 : 2]
[quickly. : 0 : 4]
[quite : 0 : 68]
[r : 0 : 4]
[r.location) : 0 : 2]
[r.name : 0 : 6]
[ranking : 0 : 10]
[recently : 0 : 150]
[reduced : 0 : 8]
[relatively : 0 : 4]
[reported : 0 : 2]
[reports : 0 : 14]
[requirement : 0 : 4]
[requirements. : 0 : 40]
[resources : 0 : 6]
[restaurants). : 0 : 2]
[restaurants: : 0 : 4]
[results : 0 : 20]
[retrieves : 0 : 2]
[say : 0 : 4]
[search : 0 : 24]
[set : 0 : 2]
[sets : 0 : 62]
[significantly : 0 : 2]
[similarity : 0 : 18]
[small : 0 : 12]
[sort : 0 : 6]
[sorting : 0 : 10]
[space. : 0 : 14]
[spatial : 0 : 960]
[specific : 0 : 26]
[stage : 0 : 2]
[stopping : 0 : 14]
[subsequent : 0 : 2]
[such : 0 : 24]
[support : 0 : 6]
[system : 0 : 2]
[systems : 0 : 4]
[terms : 0 : 80]
[that : 0 : 52]
[the : 0 : 44]
[them. : 0 : 92]
[then : 0 : 4]
[thereby : 0 : 6]
[time : 0 : 10]
[to : 0 : 154]
[too : 0 : 2]
[top : 0 : 4]
[two : 0 : 14]
[type : 0 : 4]
[use : 0 : 2]
[used : 0 : 22]
[users : 0 : 6]
[usually : 0 : 38]
[value : 0 : 10]
[values : 0 : 12]
[various : 0 : 14]
[was : 0 : 184]
[waste : 0 : 2]
[ways : 0 : 28]
[we : 0 : 2]
[well-matchedness. : 0 : 24]
[where : 0 : 6]
[which : 0 : 2]
[will : 0 : 4]
[with : 0 : 20]
[within} : 0 : 2]
[{\tt : 0 : 6]
Total number of node accesses (BST): 8606 (failed searches: 0)
CPU time for searching keys (BST): 4 millisec
Sum of Weighted Path Lengths (AVL): 6778
[$R$ : 0 : 4]
[$S$. : 0 : 2]
[$\dist{r,s}$ : 0 : 18]
[$k$ : 0 : 12]
[$k$, : 0 : 34]
[$r : 0 : 4]
[$s : 0 : 2]
[(\ie, : 0 : 10]
[< : 0 : 2]
[A : 0 : 56]
[AFTER : 0 : 2]
[BY : 0 : 6]
[Cartesian : 0 : 2]
[FROM : 0 : 16]
[For : 0 : 4]
[Hotel : 0 : 8]
[If : 0 : 2]
[In : 0 : 86]
[It : 0 : 2]
[ORDER : 0 : 8]
[On : 0 : 2]
[R$ : 0 : 4]
[Restaurant : 0 : 14]
[S$, : 0 : 2]
[S) : 0 : 4]
[SELECT : 0 : 24]
[STOP : 0 : 2]
[Since : 0 : 8]
[Specifically, : 0 : 4]
[Then, : 0 : 2]
[This : 0 : 228]
[\Join : 0 : 2]
[\[ : 0 : 18]
[\] : 0 : 2]
[\begin{quote}\begin{verbatim} : 0 : 14]
[\dmax{} : 0 : 10]
[\end{verbatim}\end{quote} : 0 : 30]
[\in : 0 : 4]
[\mathcal{D}_{max}}(R : 0 : 6]
[\sigma_{dist(r,s) : 0 : 10]
[``It : 0 : 2]
[``best'' : 0 : 138]
[a : 0 : 54]
[according : 0 : 58]
[accurate : 0 : 2]
[after : 0 : 64]
[algorithm : 0 : 4]
[all : 0 : 2]
[allow : 0 : 106]
[almost : 0 : 2]
[already'' : 0 : 10]
[an : 0 : 6]
[and : 0 : 40]
[and, : 0 : 2]
[answers, : 0 : 4]
[answers. : 0 : 8]
[any : 0 : 2]
[application : 0 : 516]
[applications, : 0 : 4]
[argued : 0 : 2]
[as : 0 : 14]
[associate : 0 : 2]
[at : 0 : 6]
[attribute : 0 : 2]
[attributes, : 0 : 50]
[be : 0 : 18]
[been : 0 : 26]
[best : 0 : 6]
[between : 0 : 34]
[but : 0 : 2]
[by : 0 : 132]
[can : 0 : 22]
[candidate : 0 : 4]
[cardinality : 0 : 36]
[cause : 0 : 2]
[combined : 0 : 4]
[common : 0 : 54]
[consider : 0 : 2]
[contain : 0 : 8]
[cutoff : 0 : 4]
[data : 0 : 16]
[database : 0 : 4]
[databases : 0 : 72]
[decision : 0 : 4]
[decreasing : 0 : 2]
[defined : 0 : 16]
[delay : 0 : 2]
[delivering : 0 : 4]
[determined : 0 : 8]
[different : 0 : 2]
[distance : 0 : 286]
[distance(h.location, : 0 : 2]
[distances : 0 : 4]
[effectively : 0 : 18]
[enough : 0 : 4]
[entire : 0 : 12]
[environments, : 0 : 2]
[estimate : 0 : 6]
[estimating : 0 : 2]
[example, : 0 : 34]
[feature : 0 : 4]
[find : 0 : 2]
[finds : 0 : 12]
[focus : 0 : 2]
[followed : 0 : 6]
[follows: : 0 : 2]
[for : 0 : 134]
[formulated : 0 : 2]
[fraction : 0 : 6]
[from : 0 : 2]
[function : 0 : 14]
[given : 0 : 4]
[h, : 0 : 6]
[h.name, : 0 : 30]
[hand, : 0 : 2]
[has : 0 : 8]
[hotels : 0 : 4]
[however, : 0 : 14]
[if : 0 : 4]
[image : 0 : 90]
[impossible : 0 : 2]
[in : 0 : 14]
[incrementally : 0 : 20]
[instead : 0 : 4]
[interact : 0 : 58]
[intermediate : 0 : 4]
[internet : 0 : 8]
[intersect} : 0 : 2]
[introduced : 0 : 36]
[is : 0 : 26]
[it : 0 : 6]
[join : 0 : 1000]
[k; : 0 : 2]
[knowledge, : 0 : 12]
[literature. : 0 : 2]
[long : 0 : 8]
[many : 0 : 4]
[matches : 0 : 26]
[may : 0 : 6]
[measure : 0 : 12]
[method : 0 : 2]
[metrics : 0 : 4]
[more : 0 : 44]
[multimedia : 0 : 2]
[nearest : 0 : 12]
[new : 0 : 4]
[no : 0 : 2]
[objects : 0 : 100]
[objects. : 0 : 4]
[obtaining : 0 : 6]
[of : 0 : 52]
[often : 0 : 2]
[on : 0 : 6]
[on-line : 0 : 14]
[one : 0 : 6]
[only : 0 : 4]
[operation : 0 : 194]
[operation. : 0 : 2]
[operations : 0 : 4]
[opportunity : 0 : 14]
[optimization : 0 : 2]
[or : 0 : 8]
[order : 0 : 2]
[other : 0 : 38]
[our : 0 : 2]
[overestimated, : 0 : 10]
[pairs : 0 : 6]
[pairs) : 0 : 20]
[pairs, : 0 : 4]
[pairs. : 0 : 8]
[performed : 0 : 2]
[pose : 0 : 62]
[practice, : 0 : 2]
[precisely : 0 : 4]
[predicate : 0 : 10]
[predicted : 0 : 2]
[processed : 0 : 22]
[processing : 0 : 2]
[processing. : 0 : 10]
[produce : 0 : 2]
[product : 0 : 6]
[provides : 0 : 2]
[query : 0 : 86]
[query, : 0 : 2]
[quickly. : 0 : 4]
[quite : 0 : 16]
[r : 0 : 4]
[r.location) : 0 : 2]
[r.name : 0 : 10]
[ranking : 0 : 4]
[recently : 0 : 468]
[reduced : 0 : 4]
[relatively : 0 : 8]
[reported : 0 : 2]
[reports : 0 : 14]
[requirement : 0 : 4]
[requirements. : 0 : 22]
[resources : 0 : 2]
[restaurants). : 0 : 6]
[restaurants: : 0 : 2]
[results : 0 : 62]
[retrieves : 0 : 2]
[say : 0 : 8]
[search : 0 : 4]
[set : 0 : 2]
[sets : 0 : 30]
[significantly : 0 : 2]
[similarity : 0 : 4]
[small : 0 : 18]
[sort : 0 : 6]
[sorting : 0 : 12]
[space. : 0 : 2]
[spatial : 0 : 272]
[specific : 0 : 4]
[stage : 0 : 2]
[stopping : 0 : 16]
[subsequent : 0 : 2]
[such : 0 : 26]
[support : 0 : 2]
[system : 0 : 6]
[systems : 0 : 2]
[terms : 0 : 92]
[that : 0 : 8]
[the : 0 : 52]
[them. : 0 : 64]
[then : 0 : 4]
[thereby : 0 : 10]
[time : 0 : 4]
[to : 0 : 184]
[too : 0 : 2]
[top : 0 : 10]
[two : 0 : 6]
[type : 0 : 22]
[use : 0 : 2]
[used : 0 : 10]
[users : 0 : 6]
[usually : 0 : 42]
[value : 0 : 10]
[values : 0 : 14]
[various : 0 : 2]
[was : 0 : 18]
[waste : 0 : 2]
[ways : 0 : 68]
[we : 0 : 2]
[well-matchedness. : 0 : 4]
[where : 0 : 24]
[which : 0 : 2]
[will : 0 : 12]
[with : 0 : 8]
[within} : 0 : 18]
[{\tt : 0 : 4]
Total number of node accesses (AVL): 6778 (failed searches: 0)
CPU time for searching keys (AVL): 4 millisec
CPU time to convert to an NOBST: 2 millisec
Sum of Weighted Path Lengths (NOBST): 6228
[$R$ : 0 : 2]
[$S$. : 0 : 6]
[$\dist{r,s}$ : 0 : 2]
[$k$ : 0 : 26]
[$k$, : 0 : 8]
[$r : 0 : 2]
[$s : 0 : 56]
[(\ie, : 0 : 4]
[< : 0 : 12]
[A : 0 : 6]
[AFTER : 0 : 28]
[BY : 0 : 2]
[Cartesian : 0 : 6]
[FROM : 0 : 2]
[For : 0 : 14]
[Hotel : 0 : 4]
[If : 0 : 2]
[In : 0 : 120]
[It : 0 : 4]
[ORDER : 0 : 2]
[On : 0 : 12]
[R$ : 0 : 2]
[Restaurant : 0 : 6]
[S$, : 0 : 2]
[S) : 0 : 28]
[SELECT : 0 : 2]
[STOP : 0 : 6]
[Since : 0 : 2]
[Specifically, : 0 : 14]
[Then, : 0 : 2]
[This : 0 : 6]
[\Join : 0 : 58]
[\[ : 0 : 2]
[\] : 0 : 6]
[\begin{quote}\begin{verbatim} : 0 : 2]
[\dmax{} : 0 : 28]
[\end{verbatim}\end{quote} : 0 : 2]
[\in : 0 : 6]
[\mathcal{D}_{max}}(R : 0 : 12]
[\sigma_{dist(r,s) : 0 : 4]
[``It : 0 : 2]
[``best'' : 0 : 244]
[a : 0 : 60]
[according : 0 : 2]
[accurate : 0 : 6]
[after : 0 : 2]
[algorithm : 0 : 122]
[all : 0 : 2]
[allow : 0 : 6]
[almost : 0 : 2]
[already'' : 0 : 14]
[an : 0 : 6]
[and : 0 : 60]
[and, : 0 : 4]
[answers, : 0 : 2]
[answers. : 0 : 10]
[any : 0 : 4]
[application : 0 : 2]
[applications, : 0 : 24]
[argued : 0 : 2]
[as : 0 : 6]
[associate : 0 : 12]
[at : 0 : 4]
[attribute : 0 : 2]
[attributes, : 0 : 490]
[be : 0 : 20]
[been : 0 : 2]
[best : 0 : 44]
[between : 0 : 6]
[but : 0 : 18]
[by : 0 : 10]
[can : 0 : 116]
[candidate : 0 : 4]
[cardinality : 0 : 24]
[cause : 0 : 4]
[combined : 0 : 2]
[common : 0 : 10]
[consider : 0 : 4]
[contain : 0 : 2]
[cutoff : 0 : 54]
[data : 0 : 4]
[database : 0 : 12]
[databases : 0 : 4]
[decision : 0 : 2]
[decreasing : 0 : 26]
[defined : 0 : 4]
[delay : 0 : 12]
[delivering : 0 : 2]
[determined : 0 : 6]
[different : 0 : 2]
[distance : 0 : 244]
[distance(h.location, : 0 : 4]
[distances : 0 : 2]
[effectively : 0 : 10]
[enough : 0 : 4]
[entire : 0 : 24]
[environments, : 0 : 4]
[estimate : 0 : 2]
[estimating : 0 : 12]
[example, : 0 : 6]
[feature : 0 : 2]
[find : 0 : 52]
[finds : 0 : 2]
[focus : 0 : 8]
[followed : 0 : 4]
[follows: : 0 : 2]
[for : 0 : 26]
[formulated : 0 : 2]
[fraction : 0 : 8]
[from : 0 : 4]
[function : 0 : 2]
[given : 0 : 108]
[h, : 0 : 2]
[h.name, : 0 : 8]
[hand, : 0 : 4]
[has : 0 : 2]
[hotels : 0 : 22]
[however, : 0 : 2]
[if : 0 : 10]
[image : 0 : 4]
[impossible : 0 : 2]
[in : 0 : 52]
[incrementally : 0 : 2]
[instead : 0 : 8]
[interact : 0 : 2]
[intermediate : 0 : 18]
[internet : 0 : 2]
[intersect} : 0 : 6]
[introduced : 0 : 2]
[is : 0 : 1000]
[it : 0 : 6]
[join : 0 : 26]
[k; : 0 : 4]
[knowledge, : 0 : 2]
[literature. : 0 : 56]
[long : 0 : 2]
[many : 0 : 6]
[matches : 0 : 14]
[may : 0 : 6]
[measure : 0 : 28]
[method : 0 : 4]
[metrics : 0 : 2]
[more : 0 : 12]
[multimedia : 0 : 2]
[nearest : 0 : 118]
[new : 0 : 4]
[no : 0 : 2]
[objects : 0 : 14]
[objects. : 0 : 6]
[obtaining : 0 : 2]
[of : 0 : 56]
[often : 0 : 2]
[on : 0 : 10]
[on-line : 0 : 4]
[one : 0 : 2]
[only : 0 : 240]
[operation : 0 : 12]
[operation. : 0 : 4]
[operations : 0 : 2]
[opportunity : 0 : 28]
[optimization : 0 : 2]
[or : 0 : 6]
[order : 0 : 14]
[other : 0 : 6]
[our : 0 : 2]
[overestimated, : 0 : 58]
[pairs : 0 : 6]
[pairs) : 0 : 12]
[pairs, : 0 : 4]
[pairs. : 0 : 28]
[performed : 0 : 2]
[pose : 0 : 6]
[practice, : 0 : 2]
[precisely : 0 : 14]
[predicate : 0 : 6]
[predicted : 0 : 2]
[processed : 0 : 118]
[processing : 0 : 4]
[processing. : 0 : 2]
[produce : 0 : 10]
[product : 0 : 4]
[provides : 0 : 2]
[query : 0 : 28]
[query, : 0 : 4]
[quickly. : 0 : 2]
[quite : 0 : 10]
[r : 0 : 4]
[r.location) : 0 : 2]
[r.name : 0 : 58]
[ranking : 0 : 4]
[recently : 0 : 12]
[reduced : 0 : 6]
[relatively : 0 : 2]
[reported : 0 : 28]
[reports : 0 : 2]
[requirement : 0 : 6]
[requirements. : 0 : 14]
[resources : 0 : 2]
[restaurants). : 0 : 6]
[restaurants: : 0 : 2]
[results : 0 : 490]
[retrieves : 0 : 2]
[say : 0 : 6]
[search : 0 : 2]
[set : 0 : 14]
[sets : 0 : 6]
[significantly : 0 : 2]
[similarity : 0 : 30]
[small : 0 : 2]
[sort : 0 : 14]
[sorting : 0 : 6]
[space. : 0 : 2]
[spatial : 0 : 92]
[specific : 0 : 4]
[stage : 0 : 2]
[stopping : 0 : 16]
[subsequent : 0 : 2]
[such : 0 : 36]
[support : 0 : 2]
[system : 0 : 6]
[systems : 0 : 2]
[terms : 0 : 16]
[that : 0 : 8]
[the : 0 : 240]
[them. : 0 : 2]
[then : 0 : 6]
[thereby : 0 : 12]
[time : 0 : 4]
[to : 0 : 50]
[too : 0 : 4]
[top : 0 : 2]
[two : 0 : 14]
[type : 0 : 4]
[use : 0 : 2]
[used : 0 : 104]
[users : 0 : 8]
[usually : 0 : 2]
[value : 0 : 24]
[values : 0 : 2]
[various : 0 : 6]
[was : 0 : 2]
[waste : 0 : 52]
[ways : 0 : 4]
[we : 0 : 2]
[well-matchedness. : 0 : 10]
[where : 0 : 4]
[which : 0 : 2]
[will : 0 : 26]
[with : 0 : 8]
[within} : 0 : 14]
[{\tt : 0 : 4]
Total number of node accesses (NOBST): 6228 (failed searches: 0)
CPU time for searching keys (NOBST): 4 millisec
CPU time to convert to an OBST: 7 millisec
Sum of Weighted Path Lengths (OBST): 5802
[$R$ : 0 : 2]
[$S$. : 0 : 6]
[$\dist{r,s}$ : 0 : 2]
[$k$ : 0 : 18]
[$k$, : 0 : 56]
[$r : 0 : 4]
[$s : 0 : 2]
[(\ie, : 0 : 10]
[< : 0 : 2]
[A : 0 : 32]
[AFTER : 0 : 2]
[BY : 0 : 8]
[Cartesian : 0 : 4]
[FROM : 0 : 2]
[For : 0 : 16]
[Hotel : 0 : 4]
[If : 0 : 2]
[In : 0 : 122]
[It : 0 : 2]
[ORDER : 0 : 8]
[On : 0 : 4]
[R$ : 0 : 2]
[Restaurant : 0 : 24]
[S$, : 0 : 2]
[S) : 0 : 6]
[SELECT : 0 : 2]
[STOP : 0 : 14]
[Since : 0 : 2]
[Specifically, : 0 : 6]
[Then, : 0 : 2]
[This : 0 : 60]
[\Join : 0 : 2]
[\[ : 0 : 8]
[\] : 0 : 4]
[\begin{quote}\begin{verbatim} : 0 : 2]
[\dmax{} : 0 : 32]
[\end{verbatim}\end{quote} : 0 : 2]
[\in : 0 : 14]
[\mathcal{D}_{max}}(R : 0 : 2]
[\sigma_{dist(r,s) : 0 : 8]
[``It : 0 : 4]
[``best'' : 0 : 2]
[a : 0 : 290]
[according : 0 : 2]
[accurate : 0 : 8]
[after : 0 : 4]
[algorithm : 0 : 2]
[all : 0 : 22]
[allow : 0 : 2]
[almost : 0 : 6]
[already'' : 0 : 2]
[an : 0 : 12]
[and : 0 : 114]
[and, : 0 : 2]
[answers, : 0 : 6]
[answers. : 0 : 2]
[any : 0 : 14]
[application : 0 : 2]
[applications, : 0 : 6]
[argued : 0 : 2]
[as : 0 : 26]
[associate : 0 : 2]
[at : 0 : 8]
[attribute : 0 : 4]
[attributes, : 0 : 2]
[be : 0 : 70]
[been : 0 : 2]
[best : 0 : 8]
[between : 0 : 26]
[but : 0 : 2]
[by : 0 : 12]
[can : 0 : 586]
[candidate : 0 : 4]
[cardinality : 0 : 24]
[cause : 0 : 2]
[combined : 0 : 10]
[common : 0 : 2]
[consider : 0 : 6]
[contain : 0 : 2]
[cutoff : 0 : 54]
[data : 0 : 4]
[database : 0 : 14]
[databases : 0 : 2]
[decision : 0 : 6]
[decreasing : 0 : 2]
[defined : 0 : 26]
[delay : 0 : 2]
[delivering : 0 : 8]
[determined : 0 : 4]
[different : 0 : 2]
[distance : 0 : 152]
[distance(h.location, : 0 : 2]
[distances : 0 : 6]
[effectively : 0 : 2]
[enough : 0 : 18]
[entire : 0 : 2]
[environments, : 0 : 8]
[estimate : 0 : 4]
[estimating : 0 : 2]
[example, : 0 : 34]
[feature : 0 : 4]
[find : 0 : 2]
[finds : 0 : 12]
[focus : 0 : 2]
[followed : 0 : 6]
[follows: : 0 : 2]
[for : 0 : 78]
[formulated : 0 : 2]
[fraction : 0 : 8]
[from : 0 : 4]
[function : 0 : 2]
[given : 0 : 20]
[h, : 0 : 2]
[h.name, : 0 : 8]
[hand, : 0 : 4]
[has : 0 : 2]
[hotels : 0 : 34]
[however, : 0 : 2]
[if : 0 : 10]
[image : 0 : 4]
[impossible : 0 : 2]
[in : 0 : 278]
[incrementally : 0 : 2]
[instead : 0 : 8]
[interact : 0 : 2]
[intermediate : 0 : 18]
[internet : 0 : 2]
[intersect} : 0 : 6]
[introduced : 0 : 2]
[is : 0 : 44]
[it : 0 : 6]
[join : 0 : 114]
[k; : 0 : 2]
[knowledge, : 0 : 8]
[literature. : 0 : 4]
[long : 0 : 2]
[many : 0 : 26]
[matches : 0 : 2]
[may : 0 : 14]
[measure : 0 : 2]
[method : 0 : 6]
[metrics : 0 : 2]
[more : 0 : 54]
[multimedia : 0 : 2]
[nearest : 0 : 12]
[new : 0 : 4]
[no : 0 : 2]
[objects : 0 : 22]
[objects. : 0 : 6]
[obtaining : 0 : 2]
[of : 0 : 1000]
[often : 0 : 2]
[on : 0 : 14]
[on-line : 0 : 2]
[one : 0 : 8]
[only : 0 : 4]
[operation : 0 : 44]
[operation. : 0 : 2]
[operations : 0 : 8]
[opportunity : 0 : 4]
[optimization : 0 : 2]
[or : 0 : 22]
[order : 0 : 2]
[other : 0 : 10]
[our : 0 : 4]
[overestimated, : 0 : 2]
[pairs : 0 : 84]
[pairs) : 0 : 2]
[pairs, : 0 : 8]
[pairs. : 0 : 2]
[performed : 0 : 16]
[pose : 0 : 2]
[practice, : 0 : 6]
[precisely : 0 : 2]
[predicate : 0 : 34]
[predicted : 0 : 2]
[processed : 0 : 6]
[processing : 0 : 2]
[processing. : 0 : 14]
[produce : 0 : 2]
[product : 0 : 6]
[provides : 0 : 2]
[query : 0 : 172]
[query, : 0 : 2]
[quickly. : 0 : 6]
[quite : 0 : 2]
[r : 0 : 18]
[r.location) : 0 : 4]
[r.name : 0 : 2]
[ranking : 0 : 10]
[recently : 0 : 2]
[reduced : 0 : 40]
[relatively : 0 : 2]
[reported : 0 : 6]
[reports : 0 : 2]
[requirement : 0 : 18]
[requirements. : 0 : 2]
[resources : 0 : 8]
[restaurants). : 0 : 4]
[restaurants: : 0 : 2]
[results : 0 : 80]
[retrieves : 0 : 2]
[say : 0 : 8]
[search : 0 : 4]
[set : 0 : 2]
[sets : 0 : 30]
[significantly : 0 : 2]
[similarity : 0 : 6]
[small : 0 : 2]
[sort : 0 : 18]
[sorting : 0 : 6]
[space. : 0 : 2]
[spatial : 0 : 382]
[specific : 0 : 4]
[stage : 0 : 2]
[stopping : 0 : 16]
[subsequent : 0 : 2]
[such : 0 : 36]
[support : 0 : 2]
[system : 0 : 8]
[systems : 0 : 4]
[terms : 0 : 2]
[that : 0 : 16]
[the : 0 : 92]
[them. : 0 : 2]
[then : 0 : 12]
[thereby : 0 : 2]
[time : 0 : 6]
[to : 0 : 184]
[too : 0 : 4]
[top : 0 : 2]
[two : 0 : 24]
[type : 0 : 2]
[use : 0 : 6]
[used : 0 : 2]
[users : 0 : 14]
[usually : 0 : 2]
[value : 0 : 68]
[values : 0 : 4]
[various : 0 : 2]
[was : 0 : 12]
[waste : 0 : 2]
[ways : 0 : 6]
[we : 0 : 2]
[well-matchedness. : 0 : 34]
[where : 0 : 2]
[which : 0 : 6]
[will : 0 : 2]
[with : 0 : 20]
[within} : 0 : 2]
[{\tt : 0 : 6]
Total number of node accesses (OBST): 5802 (failed searches: 0)
CPU time for searching keys (OBST): 3 millisec
Memory consumption: 8389392 bytes
